<?xml version="1.0" encoding="UTF-8"?>
<testsuite name="test.app.server.service.PasswordAlgoTestCase" tests="4" skipped="0" failures="0" errors="0" timestamp="2016-01-14T09:54:42" hostname="51e279dc94c3" time="0.06">
  <properties/>
  <testcase name="test1Save" classname="test.app.server.service.PasswordAlgoTestCase" time="0.039"/>
  <testcase name="test2Update" classname="test.app.server.service.PasswordAlgoTestCase" time="0.01"/>
  <testcase name="test3FindById" classname="test.app.server.service.PasswordAlgoTestCase" time="0.004"/>
  <testcase name="test4Delete" classname="test.app.server.service.PasswordAlgoTestCase" time="0.007"/>
  <system-out><![CDATA[Setting logged in user info for ADD
[EL Fine]: sql: 2016-01-14 09:54:42.687--ClientSession(1138854461)--Connection(488201796)--Thread(Thread[Test worker,5,main])--INSERT INTO ast_PasswordAlgo_M (algoId, algoDescription, algoHelp, algoIcon, algoName, algorithm, versionId, createdBy, createdDate, updatedBy, updatedDate, activeStatus, txnAccessCode) VALUES (?, ?, ?, ?, ?, ?, ?, ?, ?, ?, ?, ?, ?)
	bind => [001F8FC7-2424-42A1-A4B6-633DB2285308, HzM28AEpyImJiQDkdDOEHRNWtqMloEMf40zmLS5bgIrAw8AG07, VgyfdlTSGqYRZHMbGOyYWwmME5KbcuTZ6cF1VmGX9etwNwboWC, OPRReYhBaxZHB2ySP6JkGLtluqbtPq3p5vDlygxCLdUumqjbkb, FA37vN1p2TsMRH46T1fvQGiycdEEpTlAcVeXrKXFqKOeuhYDVN, 11, 1, AAAAA, 2016-01-14 09:54:42.661, null, 2016-01-14 09:54:42.661, 1, null]
[EL Fine]: sql: 2016-01-14 09:54:42.694--ClientSession(1520791958)--Connection(488201796)--Thread(Thread[Test worker,5,main])--SELECT algoId, algoDescription, algoHelp, algoIcon, algoName, algorithm, versionId, createdBy, createdDate, updatedBy, updatedDate, activeStatus, txnAccessCode FROM ast_PasswordAlgo_M WHERE ((activeStatus = ?) AND (algoId = ?))
	bind => [1, 001F8FC7-2424-42A1-A4B6-633DB2285308]
Setting logged in user info for UPDATE
[EL Fine]: sql: 2016-01-14 09:54:42.696--ClientSession(1368473018)--Connection(488201796)--Thread(Thread[Test worker,5,main])--SELECT algoId, algoDescription, algoHelp, algoIcon, algoName, algorithm, versionId, createdBy, createdDate, updatedBy, updatedDate, activeStatus, txnAccessCode FROM ast_PasswordAlgo_M WHERE (algoId = ?)
	bind => [001F8FC7-2424-42A1-A4B6-633DB2285308]
[EL Fine]: sql: 2016-01-14 09:54:42.698--ClientSession(1368473018)--Connection(488201796)--Thread(Thread[Test worker,5,main])--UPDATE ast_PasswordAlgo_M SET algoDescription = ?, algoHelp = ?, algoIcon = ?, algoName = ?, updatedBy = ?, versionId = ? WHERE ((algoId = ?) AND (versionId = ?))
	bind => [3fM5ok7PKlIO4JRiZdNMjcZkjsthrx47dS0hq8WkqzbeT6qu4C, yLegQ6RfotSHheK8ECKoKL9S3Gwl09vrYvDHrvldzf9lTRQXYH, jbQGYCRBVMGA4AVwFHMcrrT7MdHZRpwoGyoYLERwrA5KjjMGXO, tiBkOVtkFBKkd4APILA6myIDwYcJbbtWK7cm8XWh9xBJJ72OMO, AAAAA, 2, 001F8FC7-2424-42A1-A4B6-633DB2285308, 1]
[EL Fine]: sql: 2016-01-14 09:54:42.704--ClientSession(1582663236)--Connection(488201796)--Thread(Thread[Test worker,5,main])--SELECT algoId, algoDescription, algoHelp, algoIcon, algoName, algorithm, versionId, createdBy, createdDate, updatedBy, updatedDate, activeStatus, txnAccessCode FROM ast_PasswordAlgo_M WHERE ((activeStatus = ?) AND (algoId = ?))
	bind => [1, 001F8FC7-2424-42A1-A4B6-633DB2285308]
[EL Fine]: sql: 2016-01-14 09:54:42.708--ClientSession(1464705071)--Connection(488201796)--Thread(Thread[Test worker,5,main])--SELECT algoId, algoDescription, algoHelp, algoIcon, algoName, algorithm, versionId, createdBy, createdDate, updatedBy, updatedDate, activeStatus, txnAccessCode FROM ast_PasswordAlgo_M WHERE (algoId = ?)
	bind => [001F8FC7-2424-42A1-A4B6-633DB2285308]
[EL Fine]: sql: 2016-01-14 09:54:42.709--ClientSession(1464705071)--Connection(488201796)--Thread(Thread[Test worker,5,main])--DELETE FROM ast_PasswordAlgo_M WHERE ((algoId = ?) AND (versionId = ?))
	bind => [001F8FC7-2424-42A1-A4B6-633DB2285308, 2]
]]></system-out>
  <system-err><![CDATA[]]></system-err>
</testsuite>
