<?xml version="1.0" encoding="UTF-8"?>
<testsuite name="test.app.server.service.AppCustomerTypeTestCase" tests="4" skipped="0" failures="0" errors="0" timestamp="2016-01-14T09:54:40" hostname="51e279dc94c3" time="0.09">
  <properties/>
  <testcase name="test1Save" classname="test.app.server.service.AppCustomerTypeTestCase" time="0.061"/>
  <testcase name="test2Update" classname="test.app.server.service.AppCustomerTypeTestCase" time="0.011"/>
  <testcase name="test3FindById" classname="test.app.server.service.AppCustomerTypeTestCase" time="0.007"/>
  <testcase name="test4Delete" classname="test.app.server.service.AppCustomerTypeTestCase" time="0.011"/>
  <system-out><![CDATA[Setting logged in user info for ADD
[EL Fine]: sql: 2016-01-14 09:54:40.349--ClientSession(731884028)--Connection(488201796)--Thread(Thread[Test worker,5,main])--INSERT INTO ast_AppCustomerType_M (appcustTypeId, customerType, defaults, sequenceId, versionId, createdBy, createdDate, updatedBy, updatedDate, activeStatus, txnAccessCode) VALUES (?, ?, ?, ?, ?, ?, ?, ?, ?, ?, ?)
	bind => [0A0127F4-2BFF-45D3-A79F-AF2A9052FB12, mdAfNHTVi0BNotMTo0lTmNzzAN672NNEhNFqk6xaYGgcj2B5c5, 0, 2147483647, 1, AAAAA, 2016-01-14 09:54:40.322, null, 2016-01-14 09:54:40.322, 1, null]
[EL Fine]: sql: 2016-01-14 09:54:40.377--ClientSession(1143553599)--Connection(488201796)--Thread(Thread[Test worker,5,main])--SELECT appcustTypeId, customerType, defaults, sequenceId, versionId, createdBy, createdDate, updatedBy, updatedDate, activeStatus, txnAccessCode FROM ast_AppCustomerType_M WHERE ((activeStatus = ?) AND (appcustTypeId = ?))
	bind => [1, 0A0127F4-2BFF-45D3-A79F-AF2A9052FB12]
Setting logged in user info for UPDATE
[EL Fine]: sql: 2016-01-14 09:54:40.38--ClientSession(351309698)--Connection(488201796)--Thread(Thread[Test worker,5,main])--SELECT appcustTypeId, customerType, defaults, sequenceId, versionId, createdBy, createdDate, updatedBy, updatedDate, activeStatus, txnAccessCode FROM ast_AppCustomerType_M WHERE (appcustTypeId = ?)
	bind => [0A0127F4-2BFF-45D3-A79F-AF2A9052FB12]
[EL Fine]: sql: 2016-01-14 09:54:40.381--ClientSession(351309698)--Connection(488201796)--Thread(Thread[Test worker,5,main])--UPDATE ast_AppCustomerType_M SET customerType = ?, updatedBy = ?, versionId = ? WHERE ((appcustTypeId = ?) AND (versionId = ?))
	bind => [TtMPPPuXP2hIU7fwH9vmdLQK6RdDFExF4f9rVJJSPBBYofvCNs, AAAAA, 2, 0A0127F4-2BFF-45D3-A79F-AF2A9052FB12, 1]
[EL Fine]: sql: 2016-01-14 09:54:40.39--ClientSession(1020431828)--Connection(488201796)--Thread(Thread[Test worker,5,main])--SELECT appcustTypeId, customerType, defaults, sequenceId, versionId, createdBy, createdDate, updatedBy, updatedDate, activeStatus, txnAccessCode FROM ast_AppCustomerType_M WHERE ((activeStatus = ?) AND (appcustTypeId = ?))
	bind => [1, 0A0127F4-2BFF-45D3-A79F-AF2A9052FB12]
[EL Fine]: sql: 2016-01-14 09:54:40.397--ClientSession(2025840569)--Connection(488201796)--Thread(Thread[Test worker,5,main])--SELECT appcustTypeId, customerType, defaults, sequenceId, versionId, createdBy, createdDate, updatedBy, updatedDate, activeStatus, txnAccessCode FROM ast_AppCustomerType_M WHERE (appcustTypeId = ?)
	bind => [0A0127F4-2BFF-45D3-A79F-AF2A9052FB12]
[EL Fine]: sql: 2016-01-14 09:54:40.399--ClientSession(2025840569)--Connection(488201796)--Thread(Thread[Test worker,5,main])--DELETE FROM ast_AppCustomerType_M WHERE ((appcustTypeId = ?) AND (versionId = ?))
	bind => [0A0127F4-2BFF-45D3-A79F-AF2A9052FB12, 2]
]]></system-out>
  <system-err><![CDATA[]]></system-err>
</testsuite>
