<?xml version="1.0" encoding="UTF-8"?>
<testsuite name="test.app.server.service.AddressTypeTestCase" tests="4" skipped="0" failures="0" errors="0" timestamp="2016-01-14T09:54:39" hostname="51e279dc94c3" time="0.072">
  <properties/>
  <testcase name="test1Save" classname="test.app.server.service.AddressTypeTestCase" time="0.042"/>
  <testcase name="test2Update" classname="test.app.server.service.AddressTypeTestCase" time="0.013"/>
  <testcase name="test3FindById" classname="test.app.server.service.AddressTypeTestCase" time="0.006"/>
  <testcase name="test4Delete" classname="test.app.server.service.AddressTypeTestCase" time="0.009"/>
  <system-out><![CDATA[Setting logged in user info for ADD
[EL Fine]: sql: 2016-01-14 09:54:39.614--ClientSession(2094993045)--Connection(488201796)--Thread(Thread[Test worker,5,main])--INSERT INTO ast_AddressType_M (addressTypeId, addressType, addressTypeDesc, addressTypeIcon, versionId, createdBy, createdDate, updatedBy, updatedDate, activeStatus, txnAccessCode) VALUES (?, ?, ?, ?, ?, ?, ?, ?, ?, ?, ?)
	bind => [18828FBF-570F-475E-82AD-46CF25542587, 1a4LwQOQDzGlKspJHFKVJtA0ClkTyMNRvb9gsDcUYyokSGUxNc, 0LwTos7fUN7UYq32lTeJQEVT1D4u5ypjbs5DZgsA5bzkM9BAFL, 1HT7HOLdKcpxGMvtKWnyMHnvSyNHKfXs3g3T60Jjywh1az42gf, 1, AAAAA, 2016-01-14 09:54:39.585, null, 2016-01-14 09:54:39.585, 1, null]
[EL Fine]: sql: 2016-01-14 09:54:39.624--ClientSession(1532495306)--Connection(488201796)--Thread(Thread[Test worker,5,main])--SELECT addressTypeId, addressType, addressTypeDesc, addressTypeIcon, versionId, createdBy, createdDate, updatedBy, updatedDate, activeStatus, txnAccessCode FROM ast_AddressType_M WHERE ((activeStatus = ?) AND (addressTypeId = ?))
	bind => [1, 18828FBF-570F-475E-82AD-46CF25542587]
Setting logged in user info for UPDATE
[EL Fine]: sql: 2016-01-14 09:54:39.627--ClientSession(1625258534)--Connection(488201796)--Thread(Thread[Test worker,5,main])--SELECT addressTypeId, addressType, addressTypeDesc, addressTypeIcon, versionId, createdBy, createdDate, updatedBy, updatedDate, activeStatus, txnAccessCode FROM ast_AddressType_M WHERE (addressTypeId = ?)
	bind => [18828FBF-570F-475E-82AD-46CF25542587]
[EL Fine]: sql: 2016-01-14 09:54:39.628--ClientSession(1625258534)--Connection(488201796)--Thread(Thread[Test worker,5,main])--UPDATE ast_AddressType_M SET addressType = ?, addressTypeDesc = ?, addressTypeIcon = ?, updatedBy = ?, versionId = ? WHERE ((addressTypeId = ?) AND (versionId = ?))
	bind => [v0GpV1tLlIC7ZqreaNRZssFFmRi2jTen0HJli8n1bijd6EHUlS, hOAAtEDrG6kXy9pjUMwCgjufhrPUhNTaqDtvRFlk5xeohb4ZIK, ZXh0a4EJssBAnuLjFDrG9iHnnMQYBlceuYOhWsjZVYUAvVOrnh, AAAAA, 2, 18828FBF-570F-475E-82AD-46CF25542587, 1]
[EL Fine]: sql: 2016-01-14 09:54:39.637--ClientSession(984742534)--Connection(488201796)--Thread(Thread[Test worker,5,main])--SELECT addressTypeId, addressType, addressTypeDesc, addressTypeIcon, versionId, createdBy, createdDate, updatedBy, updatedDate, activeStatus, txnAccessCode FROM ast_AddressType_M WHERE ((activeStatus = ?) AND (addressTypeId = ?))
	bind => [1, 18828FBF-570F-475E-82AD-46CF25542587]
[EL Fine]: sql: 2016-01-14 09:54:39.642--ClientSession(1281785488)--Connection(488201796)--Thread(Thread[Test worker,5,main])--SELECT addressTypeId, addressType, addressTypeDesc, addressTypeIcon, versionId, createdBy, createdDate, updatedBy, updatedDate, activeStatus, txnAccessCode FROM ast_AddressType_M WHERE (addressTypeId = ?)
	bind => [18828FBF-570F-475E-82AD-46CF25542587]
[EL Fine]: sql: 2016-01-14 09:54:39.643--ClientSession(1281785488)--Connection(488201796)--Thread(Thread[Test worker,5,main])--DELETE FROM ast_AddressType_M WHERE ((addressTypeId = ?) AND (versionId = ?))
	bind => [18828FBF-570F-475E-82AD-46CF25542587, 2]
]]></system-out>
  <system-err><![CDATA[]]></system-err>
</testsuite>
