<?xml version="1.0" encoding="UTF-8"?>
<testsuite name="test.app.server.service.UserAccessDomainTestCase" tests="4" skipped="0" failures="0" errors="0" timestamp="2016-01-14T09:54:42" hostname="51e279dc94c3" time="0.064">
  <properties/>
  <testcase name="test1Save" classname="test.app.server.service.UserAccessDomainTestCase" time="0.041"/>
  <testcase name="test2Update" classname="test.app.server.service.UserAccessDomainTestCase" time="0.011"/>
  <testcase name="test3FindById" classname="test.app.server.service.UserAccessDomainTestCase" time="0.004"/>
  <testcase name="test4Delete" classname="test.app.server.service.UserAccessDomainTestCase" time="0.007"/>
  <system-out><![CDATA[Setting logged in user info for ADD
[EL Fine]: sql: 2016-01-14 09:54:42.623--ClientSession(803282218)--Connection(488201796)--Thread(Thread[Test worker,5,main])--INSERT INTO ast_UserAccessDomain_M (userAccessDomainId, domainDescription, domainHelp, domainIcon, domainName, userAccessDomain, versionId, createdBy, createdDate, updatedBy, updatedDate, activeStatus, txnAccessCode) VALUES (?, ?, ?, ?, ?, ?, ?, ?, ?, ?, ?, ?, ?)
	bind => [4CAA399E-90CA-44A2-AC76-2221ACA06F09, bXbiH641fZOEXqo6zpW7pTnV4S7h2e1XY1eafxAUT05N4aIJgR, e5Zs9YlhkkqGEFuADAFFuJbRRXjQ2mISCvCVjUth4WstkP4s6n, GJo27Kg2BFuTHRBOanabsW8IszMyDgacVgvMLZzprYKo1Offsv, tNMKbpttbFjW8t1tBI9b2DjeisVsZ1LMoYsyeF3CjYvVS9SZmO, 9941, 1, AAAAA, 2016-01-14 09:54:42.616, null, 2016-01-14 09:54:42.616, 1, null]
[EL Fine]: sql: 2016-01-14 09:54:42.631--ClientSession(202437970)--Connection(488201796)--Thread(Thread[Test worker,5,main])--SELECT userAccessDomainId, domainDescription, domainHelp, domainIcon, domainName, userAccessDomain, versionId, createdBy, createdDate, updatedBy, updatedDate, activeStatus, txnAccessCode FROM ast_UserAccessDomain_M WHERE ((activeStatus = ?) AND (userAccessDomainId = ?))
	bind => [1, 4CAA399E-90CA-44A2-AC76-2221ACA06F09]
Setting logged in user info for UPDATE
[EL Fine]: sql: 2016-01-14 09:54:42.633--ClientSession(918440926)--Connection(488201796)--Thread(Thread[Test worker,5,main])--SELECT userAccessDomainId, domainDescription, domainHelp, domainIcon, domainName, userAccessDomain, versionId, createdBy, createdDate, updatedBy, updatedDate, activeStatus, txnAccessCode FROM ast_UserAccessDomain_M WHERE (userAccessDomainId = ?)
	bind => [4CAA399E-90CA-44A2-AC76-2221ACA06F09]
[EL Fine]: sql: 2016-01-14 09:54:42.634--ClientSession(918440926)--Connection(488201796)--Thread(Thread[Test worker,5,main])--UPDATE ast_UserAccessDomain_M SET domainDescription = ?, domainHelp = ?, domainIcon = ?, domainName = ?, userAccessDomain = ?, updatedBy = ?, versionId = ? WHERE ((userAccessDomainId = ?) AND (versionId = ?))
	bind => [9y5WDTCqXzfRqlM3HV6aPtGjG5JZPfS0Ppv36E2htGqwqRYd3v, Nd4pNnD1j5Zrfxu457ArGkENpgzBCOobMtYF0LelqyeARlUEPM, 5X7IipuwFUTKA5GaGCZBddL21lLVb9T6vWbFVPOphLvGBcKPFD, ehmdH7fx3XcYPsxDuIubqfwHFNwoR54xFMCncZHYzBr4uDC1z5, 23296, AAAAA, 2, 4CAA399E-90CA-44A2-AC76-2221ACA06F09, 1]
[EL Fine]: sql: 2016-01-14 09:54:42.641--ClientSession(148446386)--Connection(488201796)--Thread(Thread[Test worker,5,main])--SELECT userAccessDomainId, domainDescription, domainHelp, domainIcon, domainName, userAccessDomain, versionId, createdBy, createdDate, updatedBy, updatedDate, activeStatus, txnAccessCode FROM ast_UserAccessDomain_M WHERE ((activeStatus = ?) AND (userAccessDomainId = ?))
	bind => [1, 4CAA399E-90CA-44A2-AC76-2221ACA06F09]
[EL Fine]: sql: 2016-01-14 09:54:42.646--ClientSession(1120170018)--Connection(488201796)--Thread(Thread[Test worker,5,main])--SELECT userAccessDomainId, domainDescription, domainHelp, domainIcon, domainName, userAccessDomain, versionId, createdBy, createdDate, updatedBy, updatedDate, activeStatus, txnAccessCode FROM ast_UserAccessDomain_M WHERE (userAccessDomainId = ?)
	bind => [4CAA399E-90CA-44A2-AC76-2221ACA06F09]
[EL Fine]: sql: 2016-01-14 09:54:42.647--ClientSession(1120170018)--Connection(488201796)--Thread(Thread[Test worker,5,main])--DELETE FROM ast_UserAccessDomain_M WHERE ((userAccessDomainId = ?) AND (versionId = ?))
	bind => [4CAA399E-90CA-44A2-AC76-2221ACA06F09, 2]
]]></system-out>
  <system-err><![CDATA[]]></system-err>
</testsuite>
